2023/04/02 04:36:31 [info] 14#14 discovery started
2023/04/02 04:36:31 [notice] 14#14 module: python 3.11.2 "/usr/lib/unit/modules/python3.unit.so"
2023/04/02 04:36:31 [info] 12#12 controller started
2023/04/02 04:36:31 [notice] 12#12 process 14 exited with code 0
2023/04/02 04:36:31 [info] 16#16 router started
2023/04/02 04:36:31 [info] 16#16 OpenSSL 1.1.1n  15 Mar 2022, 101010ef
2023/04/02 04:36:31 [info] 20#20 "webapp" prototype started
2023/04/02 04:36:31 [info] 21#21 "webapp" application started
2023/04/02 04:36:31 [alert] 21#21 Python failed to import module "wsgi"
ModuleNotFoundError: No module named 'wsgi'
2023/04/02 04:36:31 [notice] 20#20 app process 21 exited with code 1
2023/04/02 04:36:31 [warn] 16#16 failed to start application "webapp"
2023/04/02 04:36:31 [alert] 16#16 failed to apply new conf
2023/04/02 04:36:31 [notice] 12#12 process 20 exited with code 0
2023/04/02 04:40:17 [info] 9#9 discovery started
2023/04/02 04:40:17 [notice] 9#9 module: python 3.11.2 "/usr/lib/unit/modules/python3.unit.so"
2023/04/02 04:40:17 [info] 1#1 controller started
2023/04/02 04:40:17 [notice] 1#1 process 9 exited with code 0
2023/04/02 04:40:17 [info] 11#11 router started
2023/04/02 04:40:17 [info] 11#11 OpenSSL 1.1.1n  15 Mar 2022, 101010ef
2023/04/02 04:44:35 [info] 9#9 discovery started
2023/04/02 04:44:35 [notice] 9#9 module: python 3.11.2 "/usr/lib/unit/modules/python3.unit.so"
2023/04/02 04:44:35 [info] 1#1 controller started
2023/04/02 04:44:35 [notice] 1#1 process 9 exited with code 0
2023/04/02 04:44:35 [info] 11#11 router started
2023/04/02 04:44:35 [info] 11#11 OpenSSL 1.1.1n  15 Mar 2022, 101010ef
2023/04/02 04:48:37 [info] 9#9 discovery started
2023/04/02 04:48:37 [notice] 9#9 module: python 3.11.2 "/usr/lib/unit/modules/python3.unit.so"
2023/04/02 04:48:37 [info] 1#1 controller started
2023/04/02 04:48:37 [notice] 1#1 process 9 exited with code 0
2023/04/02 04:48:37 [info] 11#11 router started
2023/04/02 04:48:37 [info] 11#11 OpenSSL 1.1.1n  15 Mar 2022, 101010ef
2023/04/02 06:32:08 [info] 9#9 discovery started
2023/04/02 06:32:08 [notice] 9#9 module: python 3.11.2 "/usr/lib/unit/modules/python3.unit.so"
2023/04/02 06:32:08 [info] 1#1 controller started
2023/04/02 06:32:08 [notice] 1#1 process 9 exited with code 0
2023/04/02 06:32:08 [info] 11#11 router started
2023/04/02 06:32:08 [info] 11#11 OpenSSL 1.1.1n  15 Mar 2022, 101010ef
2023/04/02 06:35:41 [info] 14#14 discovery started
2023/04/02 06:35:41 [notice] 14#14 module: python 3.11.2 "/usr/lib/unit/modules/python3.unit.so"
2023/04/02 06:35:41 [info] 12#12 controller started
2023/04/02 06:35:41 [notice] 12#12 process 14 exited with code 0
2023/04/02 06:35:41 [info] 16#16 router started
2023/04/02 06:35:41 [info] 16#16 OpenSSL 1.1.1n  15 Mar 2022, 101010ef
2023/04/02 06:35:41 [info] 20#20 "quota_decrement_app" prototype started
2023/04/02 06:35:41 [info] 21#21 "quota_decrement_app" application started
2023/04/02 06:35:41 [notice] 12#12 process 15 exited with code 0
2023/04/02 06:35:41 [notice] 12#12 process 16 exited with code 0
2023/04/02 06:35:41 [notice] 20#20 app process 21 exited with code 0
2023/04/02 06:35:41 [alert] 20#20 sendmsg(13, -1, -1, 2) failed (32: Broken pipe)
2023/04/02 06:35:41 [notice] 12#12 process 20 exited with code 0
2023/04/02 06:35:42 [info] 39#39 discovery started
2023/04/02 06:35:42 [notice] 39#39 module: python 3.11.2 "/usr/lib/unit/modules/python3.unit.so"
2023/04/02 06:35:42 [info] 1#1 controller started
2023/04/02 06:35:42 [notice] 1#1 process 39 exited with code 0
2023/04/02 06:35:42 [info] 41#41 router started
2023/04/02 06:35:42 [info] 41#41 OpenSSL 1.1.1n  15 Mar 2022, 101010ef
2023/04/02 06:35:42 [info] 42#42 "quota_decrement_app" prototype started
2023/04/02 06:35:42 [info] 43#43 "quota_decrement_app" application started
2023/04/02 08:17:48 [info] 10#10 discovery started
2023/04/02 08:17:48 [notice] 10#10 module: python 3.11.2 "/usr/lib/unit/modules/python3.unit.so"
2023/04/02 08:17:48 [info] 1#1 controller started
2023/04/02 08:17:48 [notice] 1#1 process 10 exited with code 0
2023/04/02 08:17:48 [info] 12#12 router started
2023/04/02 08:17:48 [info] 12#12 OpenSSL 1.1.1n  15 Mar 2022, 101010ef
2023/04/02 08:20:49 [info] 13#13 discovery started
2023/04/02 08:20:49 [notice] 13#13 module: python 3.11.2 "/usr/lib/unit/modules/python3.unit.so"
2023/04/02 08:20:49 [info] 12#12 controller started
2023/04/02 08:20:49 [notice] 12#12 process 13 exited with code 0
2023/04/02 08:20:49 [info] 16#16 router started
2023/04/02 08:20:49 [info] 16#16 OpenSSL 1.1.1n  15 Mar 2022, 101010ef
2023/04/02 08:20:49 [info] 20#20 "quota_decrement_app" prototype started
2023/04/02 08:20:49 [info] 21#21 "quota_decrement_app" application started
2023/04/02 08:20:49 [notice] 12#12 process 15 exited with code 0
2023/04/02 08:20:49 [notice] 12#12 process 16 exited with code 0
2023/04/02 08:20:49 [notice] 20#20 app process 21 exited with code 0
2023/04/02 08:20:49 [alert] 20#20 sendmsg(13, -1, -1, 2) failed (32: Broken pipe)
2023/04/02 08:20:49 [notice] 12#12 process 20 exited with code 0
2023/04/02 08:20:50 [info] 39#39 discovery started
2023/04/02 08:20:50 [notice] 39#39 module: python 3.11.2 "/usr/lib/unit/modules/python3.unit.so"
2023/04/02 08:20:50 [info] 1#1 controller started
2023/04/02 08:20:50 [notice] 1#1 process 39 exited with code 0
2023/04/02 08:20:50 [info] 41#41 router started
2023/04/02 08:20:50 [info] 41#41 OpenSSL 1.1.1n  15 Mar 2022, 101010ef
2023/04/02 08:20:50 [info] 42#42 "quota_decrement_app" prototype started
2023/04/02 08:20:50 [info] 43#43 "quota_decrement_app" application started
2023/04/02 08:35:26 [info] 14#14 discovery started
2023/04/02 08:35:26 [notice] 14#14 module: python 3.11.2 "/usr/lib/unit/modules/python3.unit.so"
2023/04/02 08:35:26 [info] 12#12 controller started
2023/04/02 08:35:26 [notice] 12#12 process 14 exited with code 0
2023/04/02 08:35:26 [info] 16#16 router started
2023/04/02 08:35:26 [info] 16#16 OpenSSL 1.1.1n  15 Mar 2022, 101010ef
2023/04/02 08:35:26 [info] 20#20 "quota_decrement_app" prototype started
2023/04/02 08:35:26 [info] 21#21 "quota_decrement_app" application started
2023/04/02 08:35:26 [notice] 12#12 process 15 exited with code 0
2023/04/02 08:35:26 [notice] 12#12 process 16 exited with code 0
2023/04/02 08:35:26 [notice] 20#20 app process 21 exited with code 0
2023/04/02 08:35:26 [alert] 20#20 sendmsg(13, -1, -1, 2) failed (32: Broken pipe)
2023/04/02 08:35:26 [notice] 12#12 process 20 exited with code 0
2023/04/02 08:35:27 [info] 39#39 discovery started
2023/04/02 08:35:27 [notice] 39#39 module: python 3.11.2 "/usr/lib/unit/modules/python3.unit.so"
2023/04/02 08:35:27 [info] 1#1 controller started
2023/04/02 08:35:27 [notice] 1#1 process 39 exited with code 0
2023/04/02 08:35:27 [info] 41#41 router started
2023/04/02 08:35:27 [info] 41#41 OpenSSL 1.1.1n  15 Mar 2022, 101010ef
2023/04/02 08:35:27 [info] 42#42 "quota_decrement_app" prototype started
2023/04/02 08:35:27 [info] 43#43 "quota_decrement_app" application started
2023/04/02 08:35:31 [error] 43#43 [unit] #8: Python failed to call the application
Traceback (most recent call last):
  File "/var/www/quota_decrement.py", line 25, in application
    debug("Main    : before creating thread")
  File "/var/www/quota_decrement.py", line 12, in debug
    f = open("/var/log/unit/quota.log", "a")
        ^^^^^^^^^^^^^^^^^^^^^^^^^^^^^^^^^^^^
FileNotFoundError: [Errno 2] No such file or directory: '/var/log/unit/quota.log'
2023/04/02 08:36:38 [error] 43#43 [unit] #9: Python failed to call the application
Traceback (most recent call last):
  File "/var/www/quota_decrement.py", line 25, in application
    debug("Main    : before creating thread")
  File "/var/www/quota_decrement.py", line 12, in debug
    f = open("/var/log/quota.log", "a")
        ^^^^^^^^^^^^^^^^^^^^^^^^^^^^^^^^
FileNotFoundError: [Errno 2] No such file or directory: '/var/log/unit/quota.log'
2023/04/02 08:38:04 [info] 14#14 discovery started
2023/04/02 08:38:04 [notice] 14#14 module: python 3.11.2 "/usr/lib/unit/modules/python3.unit.so"
2023/04/02 08:38:04 [info] 12#12 controller started
2023/04/02 08:38:04 [notice] 12#12 process 14 exited with code 0
2023/04/02 08:38:04 [info] 16#16 router started
2023/04/02 08:38:04 [info] 16#16 OpenSSL 1.1.1n  15 Mar 2022, 101010ef
2023/04/02 08:38:04 [info] 20#20 "quota_decrement_app" prototype started
2023/04/02 08:38:04 [info] 21#21 "quota_decrement_app" application started
2023/04/02 08:38:04 [notice] 12#12 process 15 exited with code 0
2023/04/02 08:38:04 [notice] 12#12 process 16 exited with code 0
2023/04/02 08:38:04 [notice] 20#20 app process 21 exited with code 0
2023/04/02 08:38:04 [alert] 20#20 sendmsg(13, -1, -1, 2) failed (32: Broken pipe)
2023/04/02 08:38:04 [notice] 12#12 process 20 exited with code 0
2023/04/02 08:38:05 [info] 39#39 discovery started
2023/04/02 08:38:05 [notice] 39#39 module: python 3.11.2 "/usr/lib/unit/modules/python3.unit.so"
2023/04/02 08:38:05 [info] 1#1 controller started
2023/04/02 08:38:05 [notice] 1#1 process 39 exited with code 0
2023/04/02 08:38:05 [info] 41#41 router started
2023/04/02 08:38:05 [info] 41#41 OpenSSL 1.1.1n  15 Mar 2022, 101010ef
2023/04/02 08:38:05 [info] 42#42 "quota_decrement_app" prototype started
2023/04/02 08:38:05 [info] 43#43 "quota_decrement_app" application started
2023/04/02 08:38:08 [error] 43#43 [unit] #8: Python failed to call the application
Traceback (most recent call last):
  File "/var/www/quota_decrement.py", line 25, in application
    debug("Main    : before creating thread")
  File "/var/www/quota_decrement.py", line 12, in debug
    f = open("/var/log/quota.log", "a")
        ^^^^^^^^^^^^^^^^^^^^^^^^^^^^^^^
PermissionError: [Errno 13] Permission denied: '/var/log/quota.log'
2023/04/02 08:43:32 [info] 13#13 discovery started
2023/04/02 08:43:32 [notice] 13#13 module: python 3.11.2 "/usr/lib/unit/modules/python3.unit.so"
2023/04/02 08:43:32 [info] 12#12 controller started
2023/04/02 08:43:32 [notice] 12#12 process 13 exited with code 0
2023/04/02 08:43:32 [info] 16#16 router started
2023/04/02 08:43:32 [info] 16#16 OpenSSL 1.1.1n  15 Mar 2022, 101010ef
2023/04/02 08:43:32 [info] 20#20 "quota_decrement_app" prototype started
2023/04/02 08:43:32 [info] 21#21 "quota_decrement_app" application started
2023/04/02 08:43:32 [notice] 12#12 process 15 exited with code 0
2023/04/02 08:43:32 [notice] 12#12 process 16 exited with code 0
2023/04/02 08:43:32 [notice] 20#20 app process 21 exited with code 0
2023/04/02 08:43:32 [alert] 20#20 sendmsg(13, -1, -1, 2) failed (32: Broken pipe)
2023/04/02 08:43:32 [notice] 12#12 process 20 exited with code 0
2023/04/02 08:43:33 [info] 39#39 discovery started
2023/04/02 08:43:33 [notice] 39#39 module: python 3.11.2 "/usr/lib/unit/modules/python3.unit.so"
2023/04/02 08:43:33 [info] 1#1 controller started
2023/04/02 08:43:33 [notice] 1#1 process 39 exited with code 0
2023/04/02 08:43:33 [info] 41#41 router started
2023/04/02 08:43:33 [info] 41#41 OpenSSL 1.1.1n  15 Mar 2022, 101010ef
2023/04/02 08:43:33 [info] 42#42 "quota_decrement_app" prototype started
2023/04/02 08:43:33 [info] 43#43 "quota_decrement_app" application started
2023/04/02 08:43:39 [error] 43#43 [unit] #8: Python failed to call the application
Traceback (most recent call last):
  File "/var/www/quota_decrement.py", line 25, in application
    debug("Main    : before creating thread")
  File "/var/www/quota_decrement.py", line 12, in debug
    f = open("/var/log/quota/quota.log", "a")
        ^^^^^^^^^^^^^^^^^^^^^^^^^^^^^^^^^^^^^
PermissionError: [Errno 13] Permission denied: '/var/log/quota/quota.log'
2023/04/02 08:46:58 [info] 13#13 discovery started
2023/04/02 08:46:58 [notice] 13#13 module: python 3.11.2 "/usr/lib/unit/modules/python3.unit.so"
2023/04/02 08:46:58 [info] 12#12 controller started
2023/04/02 08:46:58 [notice] 12#12 process 13 exited with code 0
2023/04/02 08:46:58 [info] 16#16 router started
2023/04/02 08:46:58 [info] 16#16 OpenSSL 1.1.1n  15 Mar 2022, 101010ef
2023/04/02 08:46:58 [info] 20#20 "quota_decrement_app" prototype started
2023/04/02 08:46:58 [info] 21#21 "quota_decrement_app" application started
2023/04/02 08:46:58 [notice] 12#12 process 15 exited with code 0
2023/04/02 08:46:58 [notice] 12#12 process 16 exited with code 0
2023/04/02 08:46:58 [notice] 20#20 app process 21 exited with code 0
2023/04/02 08:46:58 [alert] 20#20 sendmsg(13, -1, -1, 2) failed (32: Broken pipe)
2023/04/02 08:46:58 [notice] 12#12 process 20 exited with code 0
2023/04/02 08:46:59 [info] 39#39 discovery started
2023/04/02 08:46:59 [notice] 39#39 module: python 3.11.2 "/usr/lib/unit/modules/python3.unit.so"
2023/04/02 08:46:59 [info] 1#1 controller started
2023/04/02 08:46:59 [notice] 1#1 process 39 exited with code 0
2023/04/02 08:46:59 [info] 41#41 router started
2023/04/02 08:46:59 [info] 41#41 OpenSSL 1.1.1n  15 Mar 2022, 101010ef
2023/04/02 08:46:59 [info] 42#42 "quota_decrement_app" prototype started
2023/04/02 08:46:59 [info] 43#43 "quota_decrement_app" application started
2023/04/02 08:49:11 [error] 43#43 [unit] #8: Python failed to call the application
Traceback (most recent call last):
  File "/var/www/quota_decrement.py", line 25, in application
    debug("Main    : before creating thread")
  File "/var/www/quota_decrement.py", line 12, in debug
    f = open("quota.log", "a")
        ^^^^^^^^^^^^^^^^^^^^^^
PermissionError: [Errno 13] Permission denied: 'quota.log'
2023/04/02 08:56:00 [info] 14#14 discovery started
2023/04/02 08:56:00 [notice] 14#14 module: python 3.11.2 "/usr/lib/unit/modules/python3.unit.so"
2023/04/02 08:56:00 [info] 12#12 controller started
2023/04/02 08:56:00 [notice] 12#12 process 14 exited with code 0
2023/04/02 08:56:00 [info] 16#16 router started
2023/04/02 08:56:00 [info] 16#16 OpenSSL 1.1.1n  15 Mar 2022, 101010ef
2023/04/02 08:56:00 [info] 20#20 "quota_decrement_app" prototype started
2023/04/02 08:56:00 [info] 21#21 "quota_decrement_app" application started
2023/04/02 08:56:01 [notice] 12#12 process 15 exited with code 0
2023/04/02 08:56:01 [notice] 12#12 process 16 exited with code 0
2023/04/02 08:56:01 [notice] 20#20 app process 21 exited with code 0
2023/04/02 08:56:01 [alert] 20#20 sendmsg(13, -1, -1, 2) failed (32: Broken pipe)
2023/04/02 08:56:01 [notice] 12#12 process 20 exited with code 0
2023/04/02 08:56:02 [info] 39#39 discovery started
2023/04/02 08:56:02 [notice] 39#39 module: python 3.11.2 "/usr/lib/unit/modules/python3.unit.so"
2023/04/02 08:56:02 [info] 1#1 controller started
2023/04/02 08:56:02 [notice] 1#1 process 39 exited with code 0
2023/04/02 08:56:02 [info] 41#41 router started
2023/04/02 08:56:02 [info] 41#41 OpenSSL 1.1.1n  15 Mar 2022, 101010ef
2023/04/02 08:56:02 [info] 42#42 "quota_decrement_app" prototype started
2023/04/02 08:56:02 [info] 43#43 "quota_decrement_app" application started
2023/04/02 08:56:03 [error] 43#43 [unit] #8: Python failed to call the application
Traceback (most recent call last):
  File "/var/www/quota_decrement.py", line 25, in application
    debug("Main    : before creating thread")
  File "/var/www/quota_decrement.py", line 12, in debug
    f = open("quota.log", "a")
        ^^^^^^^^^^^^^^^^^^^^^^
PermissionError: [Errno 13] Permission denied: 'quota.log'
2023/04/02 08:57:54 [info] 13#13 discovery started
2023/04/02 08:57:54 [notice] 13#13 module: python 3.11.2 "/usr/lib/unit/modules/python3.unit.so"
2023/04/02 08:57:54 [info] 12#12 controller started
2023/04/02 08:57:54 [info] 16#16 router started
2023/04/02 08:57:54 [notice] 12#12 process 13 exited with code 0
2023/04/02 08:57:54 [info] 16#16 OpenSSL 1.1.1n  15 Mar 2022, 101010ef
2023/04/02 08:57:54 [info] 20#20 "quota_decrement_app" prototype started
2023/04/02 08:57:54 [info] 21#21 "quota_decrement_app" application started
2023/04/02 08:57:54 [notice] 12#12 process 15 exited with code 0
2023/04/02 08:57:54 [notice] 12#12 process 16 exited with code 0
2023/04/02 08:57:54 [notice] 20#20 app process 21 exited with code 0
2023/04/02 08:57:54 [alert] 20#20 sendmsg(13, -1, -1, 2) failed (32: Broken pipe)
2023/04/02 08:57:54 [notice] 12#12 process 20 exited with code 0
2023/04/02 08:57:55 [info] 39#39 discovery started
2023/04/02 08:57:55 [notice] 39#39 module: python 3.11.2 "/usr/lib/unit/modules/python3.unit.so"
2023/04/02 08:57:55 [info] 1#1 controller started
2023/04/02 08:57:55 [notice] 1#1 process 39 exited with code 0
2023/04/02 08:57:55 [info] 41#41 router started
2023/04/02 08:57:55 [info] 41#41 OpenSSL 1.1.1n  15 Mar 2022, 101010ef
2023/04/02 08:57:55 [info] 42#42 "quota_decrement_app" prototype started
2023/04/02 08:57:55 [info] 43#43 "quota_decrement_app" application started
2023/04/02 08:57:56 [error] 43#43 [unit] #8: Python failed to call the application
Traceback (most recent call last):
  File "/var/www/quota_decrement.py", line 25, in application
    debug("Main    : before creating thread")
  File "/var/www/quota_decrement.py", line 12, in debug
    f = open("quota.log", "a")
        ^^^^^^^^^^^^^^^^^^^^^^
PermissionError: [Errno 13] Permission denied: 'quota.log'
2023/04/02 08:59:48 [info] 14#14 discovery started
2023/04/02 08:59:48 [notice] 14#14 module: python 3.11.2 "/usr/lib/unit/modules/python3.unit.so"
2023/04/02 08:59:48 [info] 12#12 controller started
2023/04/02 08:59:48 [notice] 12#12 process 14 exited with code 0
2023/04/02 08:59:48 [info] 16#16 router started
2023/04/02 08:59:48 [info] 16#16 OpenSSL 1.1.1n  15 Mar 2022, 101010ef
2023/04/02 08:59:48 [info] 20#20 "quota_decrement_app" prototype started
2023/04/02 08:59:48 [info] 21#21 "quota_decrement_app" application started
2023/04/02 08:59:48 [notice] 12#12 process 15 exited with code 0
2023/04/02 08:59:48 [notice] 12#12 process 16 exited with code 0
2023/04/02 08:59:48 [notice] 20#20 app process 21 exited with code 0
2023/04/02 08:59:48 [alert] 20#20 sendmsg(13, -1, -1, 2) failed (32: Broken pipe)
2023/04/02 08:59:48 [notice] 12#12 process 20 exited with code 0
2023/04/02 08:59:49 [info] 39#39 discovery started
2023/04/02 08:59:49 [notice] 39#39 module: python 3.11.2 "/usr/lib/unit/modules/python3.unit.so"
2023/04/02 08:59:49 [info] 1#1 controller started
2023/04/02 08:59:49 [notice] 1#1 process 39 exited with code 0
2023/04/02 08:59:49 [info] 41#41 router started
2023/04/02 08:59:49 [info] 41#41 OpenSSL 1.1.1n  15 Mar 2022, 101010ef
2023/04/02 08:59:49 [info] 42#42 "quota_decrement_app" prototype started
2023/04/02 08:59:49 [info] 43#43 "quota_decrement_app" application started
2023/04/02 11:13:31 [info] 13#13 discovery started
2023/04/02 11:13:31 [notice] 13#13 module: python 3.11.2 "/usr/lib/unit/modules/python3.unit.so"
2023/04/02 11:13:31 [info] 12#12 controller started
2023/04/02 11:13:31 [notice] 12#12 process 13 exited with code 0
2023/04/02 11:13:31 [info] 16#16 router started
2023/04/02 11:13:31 [info] 16#16 OpenSSL 1.1.1n  15 Mar 2022, 101010ef
2023/04/02 11:13:31 [info] 20#20 "quota_decrement_app" prototype started
2023/04/02 11:13:31 [info] 21#21 "quota_decrement_app" application started
2023/04/02 11:13:32 [alert] 12#12 sendmsg(10, -1, -1, 1) failed (104: Connection reset by peer)
2023/04/02 11:13:32 [notice] 12#12 process 15 exited with code 0
2023/04/02 11:13:32 [notice] 12#12 process 16 exited with code 0
2023/04/02 11:13:32 [notice] 20#20 app process 21 exited with code 0
2023/04/02 11:13:32 [alert] 20#20 sendmsg(13, -1, -1, 2) failed (32: Broken pipe)
2023/04/02 11:13:32 [notice] 12#12 process 20 exited with code 0
2023/04/02 11:13:33 [info] 39#39 discovery started
2023/04/02 11:13:33 [notice] 39#39 module: python 3.11.2 "/usr/lib/unit/modules/python3.unit.so"
2023/04/02 11:13:33 [info] 1#1 controller started
2023/04/02 11:13:33 [notice] 1#1 process 39 exited with code 0
2023/04/02 11:13:33 [info] 41#41 router started
2023/04/02 11:13:33 [info] 41#41 OpenSSL 1.1.1n  15 Mar 2022, 101010ef
2023/04/02 11:13:33 [info] 42#42 "quota_decrement_app" prototype started
2023/04/02 11:13:33 [info] 43#43 "quota_decrement_app" application started
2023/04/02 11:56:03 [info] 13#13 discovery started
2023/04/02 11:56:03 [notice] 13#13 module: python 3.11.2 "/usr/lib/unit/modules/python3.unit.so"
2023/04/02 11:56:03 [info] 12#12 controller started
2023/04/02 11:56:03 [notice] 12#12 process 13 exited with code 0
2023/04/02 11:56:03 [info] 16#16 router started
2023/04/02 11:56:03 [info] 16#16 OpenSSL 1.1.1n  15 Mar 2022, 101010ef
2023/04/02 11:56:03 [info] 20#20 "quota_decrement_app" prototype started
2023/04/02 11:56:03 [info] 21#21 "quota_decrement_app" application started
2023/04/02 11:56:03 [notice] 12#12 process 15 exited with code 0
2023/04/02 11:56:03 [notice] 20#20 app process 21 exited with code 0
2023/04/02 11:56:03 [notice] 12#12 process 16 exited with code 0
2023/04/02 11:56:03 [alert] 20#20 sendmsg(13, -1, -1, 2) failed (32: Broken pipe)
2023/04/02 11:56:03 [notice] 12#12 process 20 exited with code 0
2023/04/02 11:56:04 [info] 39#39 discovery started
2023/04/02 11:56:04 [notice] 39#39 module: python 3.11.2 "/usr/lib/unit/modules/python3.unit.so"
2023/04/02 11:56:04 [info] 1#1 controller started
2023/04/02 11:56:04 [notice] 1#1 process 39 exited with code 0
2023/04/02 11:56:04 [info] 41#41 router started
2023/04/02 11:56:04 [info] 41#41 OpenSSL 1.1.1n  15 Mar 2022, 101010ef
2023/04/02 11:56:04 [info] 42#42 "quota_decrement_app" prototype started
2023/04/02 11:56:04 [info] 43#43 "quota_decrement_app" application started
2023/04/02 11:58:40 [info] 14#14 discovery started
2023/04/02 11:58:40 [notice] 14#14 module: python 3.11.2 "/usr/lib/unit/modules/python3.unit.so"
2023/04/02 11:58:40 [info] 12#12 controller started
2023/04/02 11:58:40 [notice] 12#12 process 14 exited with code 0
2023/04/02 11:58:40 [info] 16#16 router started
2023/04/02 11:58:40 [info] 16#16 OpenSSL 1.1.1n  15 Mar 2022, 101010ef
2023/04/02 11:58:40 [info] 20#20 "quota_decrement_app" prototype started
2023/04/02 11:58:40 [info] 21#21 "quota_decrement_app" application started
2023/04/02 11:58:40 [notice] 12#12 process 15 exited with code 0
2023/04/02 11:58:40 [notice] 12#12 process 16 exited with code 0
2023/04/02 11:58:40 [notice] 20#20 app process 21 exited with code 0
2023/04/02 11:58:40 [alert] 20#20 sendmsg(13, -1, -1, 2) failed (32: Broken pipe)
2023/04/02 11:58:40 [notice] 12#12 process 20 exited with code 0
2023/04/02 11:58:41 [info] 39#39 discovery started
2023/04/02 11:58:41 [notice] 39#39 module: python 3.11.2 "/usr/lib/unit/modules/python3.unit.so"
2023/04/02 11:58:41 [info] 1#1 controller started
2023/04/02 11:58:41 [notice] 1#1 process 39 exited with code 0
2023/04/02 11:58:41 [info] 41#41 router started
2023/04/02 11:58:41 [info] 41#41 OpenSSL 1.1.1n  15 Mar 2022, 101010ef
2023/04/02 11:58:41 [info] 42#42 "quota_decrement_app" prototype started
2023/04/02 11:58:41 [info] 43#43 "quota_decrement_app" application started
